<?xml version="1.0" encoding="UTF-8"?>
<!-- Generated by org.testng.reporters.JUnitReportReporter -->
<testsuite hostname="IB-SEZ-LAP-793" failures="0" tests="2" name="im.HomepgTest" time="17.522" errors="0" timestamp="2021-10-26T19:06:07 IST" skipped="0">
  <testcase classname="im.HomepgTest" name="TC002_Login" time="14.413"/>
  <system-out/>
  <testcase classname="im.HomepgTest" name="TC001_LaunchURL" time="3.109"/>
  <system-out/>
</testsuite> <!-- im.HomepgTest -->
