<?xml version="1.0" encoding="UTF-8"?>
<!-- Generated by org.testng.reporters.JUnitReportReporter -->
<testsuite hostname="IB-SEZ-LAP-793" failures="0" tests="2" name="im.AllDeviceTest" time="175.195" errors="0" timestamp="2021-10-26T19:06:07 IST" skipped="0">
  <testcase classname="im.AllDeviceTest" name="TC002_CreateNewDevice" time="175.106"/>
  <system-out/>
  <testcase classname="im.AllDeviceTest" name="TC001_ClickAllDevice" time="0.089"/>
  <system-out/>
</testsuite> <!-- im.AllDeviceTest -->
